Performing C SOURCE FILE Test CMAKE_HAVE_LIBC_PTHREAD failed with the following output:
Change Dir: /home/godm/catkin_ws/src/Fisheye-LiDAR-Fusion/data_process/cmake-build-debug/CMakeFiles/CMakeTmp

Run Build Command(s):/usr/bin/make cmTC_10431/fast && /usr/bin/make  -f CMakeFiles/cmTC_10431.dir/build.make CMakeFiles/cmTC_10431.dir/build
make[1]: Entering directory '/home/godm/catkin_ws/src/Fisheye-LiDAR-Fusion/data_process/cmake-build-debug/CMakeFiles/CMakeTmp'
Building C object CMakeFiles/cmTC_10431.dir/src.c.o
/usr/bin/cc   -DCMAKE_HAVE_LIBC_PTHREAD   -o CMakeFiles/cmTC_10431.dir/src.c.o   -c /home/godm/catkin_ws/src/Fisheye-LiDAR-Fusion/data_process/cmake-build-debug/CMakeFiles/CMakeTmp/src.c
Linking C executable cmTC_10431
/home/godm/Downloads/CLion-2020.2.4/clion-2020.2.4/bin/cmake/linux/bin/cmake -E cmake_link_script CMakeFiles/cmTC_10431.dir/link.txt --verbose=1
/usr/bin/cc  -DCMAKE_HAVE_LIBC_PTHREAD    -rdynamic CMakeFiles/cmTC_10431.dir/src.c.o  -o cmTC_10431 
CMakeFiles/cmTC_10431.dir/src.c.o: In function `main':
src.c:(.text+0x3e): undefined reference to `pthread_create'
src.c:(.text+0x4a): undefined reference to `pthread_detach'
src.c:(.text+0x56): undefined reference to `pthread_cancel'
src.c:(.text+0x67): undefined reference to `pthread_join'
src.c:(.text+0x7b): undefined reference to `pthread_atfork'
collect2: error: ld returned 1 exit status
CMakeFiles/cmTC_10431.dir/build.make:106: recipe for target 'cmTC_10431' failed
make[1]: *** [cmTC_10431] Error 1
make[1]: Leaving directory '/home/godm/catkin_ws/src/Fisheye-LiDAR-Fusion/data_process/cmake-build-debug/CMakeFiles/CMakeTmp'
Makefile:141: recipe for target 'cmTC_10431/fast' failed
make: *** [cmTC_10431/fast] Error 2


Source file was:
#include <pthread.h>

void* test_func(void* data)
{
  return data;
}

int main(void)
{
  pthread_t thread;
  pthread_create(&thread, NULL, test_func, NULL);
  pthread_detach(thread);
  pthread_cancel(thread);
  pthread_join(thread, NULL);
  pthread_atfork(NULL, NULL, NULL);
  pthread_exit(NULL);

  return 0;
}

Determining if the function pthread_create exists in the pthreads failed with the following output:
Change Dir: /home/godm/catkin_ws/src/Fisheye-LiDAR-Fusion/data_process/cmake-build-debug/CMakeFiles/CMakeTmp

Run Build Command(s):/usr/bin/make cmTC_c56f2/fast && /usr/bin/make  -f CMakeFiles/cmTC_c56f2.dir/build.make CMakeFiles/cmTC_c56f2.dir/build
make[1]: Entering directory '/home/godm/catkin_ws/src/Fisheye-LiDAR-Fusion/data_process/cmake-build-debug/CMakeFiles/CMakeTmp'
Building C object CMakeFiles/cmTC_c56f2.dir/CheckFunctionExists.c.o
/usr/bin/cc   -DCHECK_FUNCTION_EXISTS=pthread_create   -o CMakeFiles/cmTC_c56f2.dir/CheckFunctionExists.c.o   -c /home/godm/Downloads/CLion-2020.2.4/clion-2020.2.4/bin/cmake/linux/share/cmake-3.17/Modules/CheckFunctionExists.c
Linking C executable cmTC_c56f2
/home/godm/Downloads/CLion-2020.2.4/clion-2020.2.4/bin/cmake/linux/bin/cmake -E cmake_link_script CMakeFiles/cmTC_c56f2.dir/link.txt --verbose=1
/usr/bin/cc  -DCHECK_FUNCTION_EXISTS=pthread_create    -rdynamic CMakeFiles/cmTC_c56f2.dir/CheckFunctionExists.c.o  -o cmTC_c56f2  -lpthreads 
/usr/bin/ld: cannot find -lpthreads
collect2: error: ld returned 1 exit status
CMakeFiles/cmTC_c56f2.dir/build.make:106: recipe for target 'cmTC_c56f2' failed
make[1]: *** [cmTC_c56f2] Error 1
make[1]: Leaving directory '/home/godm/catkin_ws/src/Fisheye-LiDAR-Fusion/data_process/cmake-build-debug/CMakeFiles/CMakeTmp'
Makefile:141: recipe for target 'cmTC_c56f2/fast' failed
make: *** [cmTC_c56f2/fast] Error 2



Determining if the pthread_create exist failed with the following output:
Change Dir: /home/godm/catkin_ws/src/Fisheye-LiDAR-Fusion/data_process/cmake-build-debug/CMakeFiles/CMakeTmp

Run Build Command:"/usr/bin/make" "cmTC_80bb5/fast"
/usr/bin/make -f CMakeFiles/cmTC_80bb5.dir/build.make CMakeFiles/cmTC_80bb5.dir/build
make[1]: Entering directory '/home/godm/catkin_ws/src/Fisheye-LiDAR-Fusion/data_process/cmake-build-debug/CMakeFiles/CMakeTmp'
Building C object CMakeFiles/cmTC_80bb5.dir/CheckSymbolExists.c.o
/usr/bin/cc    -o CMakeFiles/cmTC_80bb5.dir/CheckSymbolExists.c.o   -c /home/godm/catkin_ws/src/Fisheye-LiDAR-Fusion/data_process/cmake-build-debug/CMakeFiles/CMakeTmp/CheckSymbolExists.c
Linking C executable cmTC_80bb5
/usr/bin/cmake -E cmake_link_script CMakeFiles/cmTC_80bb5.dir/link.txt --verbose=1
/usr/bin/cc      -rdynamic CMakeFiles/cmTC_80bb5.dir/CheckSymbolExists.c.o  -o cmTC_80bb5 
CMakeFiles/cmTC_80bb5.dir/CheckSymbolExists.c.o: In function `main':
CheckSymbolExists.c:(.text+0x1b): undefined reference to `pthread_create'
collect2: error: ld returned 1 exit status
CMakeFiles/cmTC_80bb5.dir/build.make:97: recipe for target 'cmTC_80bb5' failed
make[1]: *** [cmTC_80bb5] Error 1
make[1]: Leaving directory '/home/godm/catkin_ws/src/Fisheye-LiDAR-Fusion/data_process/cmake-build-debug/CMakeFiles/CMakeTmp'
Makefile:126: recipe for target 'cmTC_80bb5/fast' failed
make: *** [cmTC_80bb5/fast] Error 2

File /home/godm/catkin_ws/src/Fisheye-LiDAR-Fusion/data_process/cmake-build-debug/CMakeFiles/CMakeTmp/CheckSymbolExists.c:
/* */
#include <pthread.h>

int main(int argc, char** argv)
{
  (void)argv;
#ifndef pthread_create
  return ((int*)(&pthread_create))[argc];
#else
  (void)argc;
  return 0;
#endif
}

Determining if the function sgemm_ exists failed with the following output:
Change Dir: /home/godm/catkin_ws/src/Fisheye-LiDAR-Fusion/data_process/cmake-build-debug/CMakeFiles/CMakeTmp

Run Build Command(s):/usr/bin/make cmTC_122a5/fast && make[1]: Entering directory '/home/godm/catkin_ws/src/Fisheye-LiDAR-Fusion/data_process/cmake-build-debug/CMakeFiles/CMakeTmp'
/usr/bin/make  -f CMakeFiles/cmTC_122a5.dir/build.make CMakeFiles/cmTC_122a5.dir/build
make[2]: Entering directory '/home/godm/catkin_ws/src/Fisheye-LiDAR-Fusion/data_process/cmake-build-debug/CMakeFiles/CMakeTmp'
Building C object CMakeFiles/cmTC_122a5.dir/CheckFunctionExists.c.o
/usr/bin/cc   -DCHECK_FUNCTION_EXISTS=sgemm_   -o CMakeFiles/cmTC_122a5.dir/CheckFunctionExists.c.o   -c /home/godm/clion/bin/cmake/linux/share/cmake-3.17/Modules/CheckFunctionExists.c
Linking C executable cmTC_122a5
/home/godm/clion/bin/cmake/linux/bin/cmake -E cmake_link_script CMakeFiles/cmTC_122a5.dir/link.txt --verbose=1
/usr/bin/cc  -DCHECK_FUNCTION_EXISTS=sgemm_    -rdynamic CMakeFiles/cmTC_122a5.dir/CheckFunctionExists.c.o  -o cmTC_122a5 
CMakeFiles/cmTC_122a5.dir/CheckFunctionExists.c.o: In function `main':
CheckFunctionExists.c:(.text+0x10): undefined reference to `sgemm_'
collect2: error: ld returned 1 exit status
CMakeFiles/cmTC_122a5.dir/build.make:106: recipe for target 'cmTC_122a5' failed
make[2]: *** [cmTC_122a5] Error 1
make[2]: Leaving directory '/home/godm/catkin_ws/src/Fisheye-LiDAR-Fusion/data_process/cmake-build-debug/CMakeFiles/CMakeTmp'
Makefile:141: recipe for target 'cmTC_122a5/fast' failed
make[1]: *** [cmTC_122a5/fast] Error 2
make[1]: Leaving directory '/home/godm/catkin_ws/src/Fisheye-LiDAR-Fusion/data_process/cmake-build-debug/CMakeFiles/CMakeTmp'



Determining if the function cheev_ exists failed with the following output:
Change Dir: /home/godm/catkin_ws/src/Fisheye-LiDAR-Fusion/data_process/cmake-build-debug/CMakeFiles/CMakeTmp

Run Build Command(s):/usr/bin/make cmTC_29687/fast && make[1]: Entering directory '/home/godm/catkin_ws/src/Fisheye-LiDAR-Fusion/data_process/cmake-build-debug/CMakeFiles/CMakeTmp'
/usr/bin/make  -f CMakeFiles/cmTC_29687.dir/build.make CMakeFiles/cmTC_29687.dir/build
make[2]: Entering directory '/home/godm/catkin_ws/src/Fisheye-LiDAR-Fusion/data_process/cmake-build-debug/CMakeFiles/CMakeTmp'
Building C object CMakeFiles/cmTC_29687.dir/CheckFunctionExists.c.o
/usr/bin/cc   -DCHECK_FUNCTION_EXISTS=cheev_   -o CMakeFiles/cmTC_29687.dir/CheckFunctionExists.c.o   -c /home/godm/clion/bin/cmake/linux/share/cmake-3.17/Modules/CheckFunctionExists.c
Linking C executable cmTC_29687
/home/godm/clion/bin/cmake/linux/bin/cmake -E cmake_link_script CMakeFiles/cmTC_29687.dir/link.txt --verbose=1
/usr/bin/cc  -DCHECK_FUNCTION_EXISTS=cheev_    -rdynamic CMakeFiles/cmTC_29687.dir/CheckFunctionExists.c.o  -o cmTC_29687  /usr/lib/x86_64-linux-gnu/libblas.so -lpthread -lm -ldl 
CMakeFiles/cmTC_29687.dir/CheckFunctionExists.c.o: In function `main':
CheckFunctionExists.c:(.text+0x10): undefined reference to `cheev_'
collect2: error: ld returned 1 exit status
CMakeFiles/cmTC_29687.dir/build.make:107: recipe for target 'cmTC_29687' failed
make[2]: *** [cmTC_29687] Error 1
make[2]: Leaving directory '/home/godm/catkin_ws/src/Fisheye-LiDAR-Fusion/data_process/cmake-build-debug/CMakeFiles/CMakeTmp'
Makefile:141: recipe for target 'cmTC_29687/fast' failed
make[1]: *** [cmTC_29687/fast] Error 2
make[1]: Leaving directory '/home/godm/catkin_ws/src/Fisheye-LiDAR-Fusion/data_process/cmake-build-debug/CMakeFiles/CMakeTmp'



