Determining if the pthread_create exist failed with the following output:
Change Dir: /home/halsey/software/catkin_ws/src/Livox_Fisheye_Fusion/build/CMakeFiles/CMakeTmp

Run Build Command:"/usr/bin/make" "cmTC_aa4f1/fast"
/usr/bin/make -f CMakeFiles/cmTC_aa4f1.dir/build.make CMakeFiles/cmTC_aa4f1.dir/build
make[1]: Entering directory '/home/halsey/software/catkin_ws/src/Livox_Fisheye_Fusion/build/CMakeFiles/CMakeTmp'
Building C object CMakeFiles/cmTC_aa4f1.dir/CheckSymbolExists.c.o
/usr/bin/gcc    -o CMakeFiles/cmTC_aa4f1.dir/CheckSymbolExists.c.o   -c /home/halsey/software/catkin_ws/src/Livox_Fisheye_Fusion/build/CMakeFiles/CMakeTmp/CheckSymbolExists.c
Linking C executable cmTC_aa4f1
/usr/bin/cmake -E cmake_link_script CMakeFiles/cmTC_aa4f1.dir/link.txt --verbose=1
/usr/bin/gcc      -rdynamic CMakeFiles/cmTC_aa4f1.dir/CheckSymbolExists.c.o  -o cmTC_aa4f1 
CMakeFiles/cmTC_aa4f1.dir/CheckSymbolExists.c.o: In function `main':
CheckSymbolExists.c:(.text+0x1b): undefined reference to `pthread_create'
collect2: error: ld returned 1 exit status
CMakeFiles/cmTC_aa4f1.dir/build.make:97: recipe for target 'cmTC_aa4f1' failed
make[1]: *** [cmTC_aa4f1] Error 1
make[1]: Leaving directory '/home/halsey/software/catkin_ws/src/Livox_Fisheye_Fusion/build/CMakeFiles/CMakeTmp'
Makefile:126: recipe for target 'cmTC_aa4f1/fast' failed
make: *** [cmTC_aa4f1/fast] Error 2

File /home/halsey/software/catkin_ws/src/Livox_Fisheye_Fusion/build/CMakeFiles/CMakeTmp/CheckSymbolExists.c:
/* */
#include <pthread.h>

int main(int argc, char** argv)
{
  (void)argv;
#ifndef pthread_create
  return ((int*)(&pthread_create))[argc];
#else
  (void)argc;
  return 0;
#endif
}

Determining if the function pthread_create exists in the pthreads failed with the following output:
Change Dir: /home/halsey/software/catkin_ws/src/Livox_Fisheye_Fusion/build/CMakeFiles/CMakeTmp

Run Build Command:"/usr/bin/make" "cmTC_8143f/fast"
/usr/bin/make -f CMakeFiles/cmTC_8143f.dir/build.make CMakeFiles/cmTC_8143f.dir/build
make[1]: Entering directory '/home/halsey/software/catkin_ws/src/Livox_Fisheye_Fusion/build/CMakeFiles/CMakeTmp'
Building C object CMakeFiles/cmTC_8143f.dir/CheckFunctionExists.c.o
/usr/bin/gcc   -DCHECK_FUNCTION_EXISTS=pthread_create   -o CMakeFiles/cmTC_8143f.dir/CheckFunctionExists.c.o   -c /usr/share/cmake-3.10/Modules/CheckFunctionExists.c
Linking C executable cmTC_8143f
/usr/bin/cmake -E cmake_link_script CMakeFiles/cmTC_8143f.dir/link.txt --verbose=1
/usr/bin/gcc  -DCHECK_FUNCTION_EXISTS=pthread_create    -rdynamic CMakeFiles/cmTC_8143f.dir/CheckFunctionExists.c.o  -o cmTC_8143f -lpthreads 
/usr/bin/ld: cannot find -lpthreads
collect2: error: ld returned 1 exit status
CMakeFiles/cmTC_8143f.dir/build.make:97: recipe for target 'cmTC_8143f' failed
make[1]: *** [cmTC_8143f] Error 1
make[1]: Leaving directory '/home/halsey/software/catkin_ws/src/Livox_Fisheye_Fusion/build/CMakeFiles/CMakeTmp'
Makefile:126: recipe for target 'cmTC_8143f/fast' failed
make: *** [cmTC_8143f/fast] Error 2


